
E:\BWAPI_YU>msbuild exampleprojects.sln /p:configuration=release /p:platform=win32 
Microsoft (R) Build Engine version 15.7.180.61344 for .NET Framework
Copyright (C) Microsoft Corporation. All rights reserved.

Building the projects in this solution one at a time. To enable parallel build, please add the "/m" switch.
Build started 8/4/2018 12:22:00 AM.
Project "E:\BWAPI_YU\exampleprojects.sln" on node 1 (default targets).
ValidateSolutionConfiguration:
  Building solution configuration "release|win32".
Project "E:\BWAPI_YU\exampleprojects.sln" (1) is building "E:\BWAPI_YU\ExampleAIClient\ExampleAIClient.vcxproj" (2) on node 1 (default targets).
InitializeBuildStatus:
  Creating "Release\ExampleAIClient.tlog\unsuccessfulbuild" because "AlwaysCreate" was specified.
ClCompile:
  All outputs are up-to-date.
Link:
  All outputs are up-to-date.
  ExampleAIClient.vcxproj -> E:\BWAPI_YU\Release\ExampleAIClient.exe
FinalizeBuildStatus:
  Deleting file "Release\ExampleAIClient.tlog\unsuccessfulbuild".
  Touching "Release\ExampleAIClient.tlog\ExampleAIClient.lastbuildstate".
Done Building Project "E:\BWAPI_YU\ExampleAIClient\ExampleAIClient.vcxproj" (default targets).
Project "E:\BWAPI_YU\exampleprojects.sln" (1) is building "E:\BWAPI_YU\AIModuleLoader\AIModuleLoader.vcxproj" (3) on node 1 (default targets).
InitializeBuildStatus:
  Creating "Release\AIModuleLoader.tlog\unsuccessfulbuild" because "AlwaysCreate" was specified.
ClCompile:
  All outputs are up-to-date.
Link:
  All outputs are up-to-date.
  AIModuleLoader.vcxproj -> E:\BWAPI_YU\Release\AIModuleLoader.exe
FinalizeBuildStatus:
  Deleting file "Release\AIModuleLoader.tlog\unsuccessfulbuild".
  Touching "Release\AIModuleLoader.tlog\AIModuleLoader.lastbuildstate".
Done Building Project "E:\BWAPI_YU\AIModuleLoader\AIModuleLoader.vcxproj" (default targets).
Project "E:\BWAPI_YU\exampleprojects.sln" (1) is building "E:\BWAPI_YU\ExampleAIModule\ExampleAIModule.vcxproj" (4) on node 1 (default targets).
InitializeBuildStatus:
  Touching "Release\ExampleAIModule.tlog\unsuccessfulbuild".
ClCompile:
  C:\Program Files (x86)\Microsoft Visual Studio\2017\Community\VC\Tools\MSVC\14.14.26428\bin\HostX86\x86\CL.exe /c /I../include /Zi /nologo /W3 /WX- /diagnostics:classic /MP /O2 /Oi /Oy- /GL /D NOMINMAX /D WIN32 /D NDEBUG /D _WINDOWS /D _USRDLL /D EXAMPLEAIMODULE_EXPORTS /D _WINDLL /Gm- /EHsc /MD /GS /Gy /fp:precise /Zc:wchar_t /Zc:forScope /Zc:inline /Fo"Release\\" /Fd"Release\vc141.pdb" /Gd /TP /analyze- /FC /errorReport:queue Source\ExampleAIModule.cpp
  ExampleAIModule.cpp
e:\bwapi_yu\exampleaimodule\source\greetings.h(13): error C2590: 'greeting': only a constructor can have a base/member initializer list [E:\BWAPI_YU\ExampleAIModule\ExampleAIModule.vcxproj]
e:\bwapi_yu\exampleaimodule\source\greetings.h(13): error C2614: 'Greetings': illegal member initialization: 'm_greetingWorld' is not a base or member [E:\BWAPI_YU\ExampleAIModule\ExampleAIModule.vcxproj]
e:\bwapi_yu\exampleaimodule\source\greetings.h(16): error C2664: 'void BWAPI::Game::sendText(const char *,...)': cannot convert argument 1 from 'std::string' to 'const char *' [E:\BWAPI_YU\ExampleAIModule\ExampleAIModule.vcxproj]
  e:\bwapi_yu\exampleaimodule\source\greetings.h(16): note: No user-defined-conversion operator available that can perform this conversion, or the operator cannot be called
Done Building Project "E:\BWAPI_YU\ExampleAIModule\ExampleAIModule.vcxproj" (default targets) -- FAILED.
Project "E:\BWAPI_YU\exampleprojects.sln" (1) is building "E:\BWAPI_YU\ExampleTournamentModule\ExampleTournamentModule.vcxproj" (5) on node 1 (default targets).
InitializeBuildStatus:
  Creating "Release\ExampleT.8D2682F5.tlog\unsuccessfulbuild" because "AlwaysCreate" was specified.
ClCompile:
  All outputs are up-to-date.
Link:
  All outputs are up-to-date.
  ExampleTournamentModule.vcxproj -> E:\BWAPI_YU\Release\ExampleTournamentModule.dll
FinalizeBuildStatus:
  Deleting file "Release\ExampleT.8D2682F5.tlog\unsuccessfulbuild".
  Touching "Release\ExampleT.8D2682F5.tlog\ExampleTournamentModule.lastbuildstate".
Done Building Project "E:\BWAPI_YU\ExampleTournamentModule\ExampleTournamentModule.vcxproj" (default targets).
Done Building Project "E:\BWAPI_YU\exampleprojects.sln" (default targets) -- FAILED.

Build FAILED.

"E:\BWAPI_YU\exampleprojects.sln" (default target) (1) ->
"E:\BWAPI_YU\ExampleAIModule\ExampleAIModule.vcxproj" (default target) (4) ->
(ClCompile target) -> 
  e:\bwapi_yu\exampleaimodule\source\greetings.h(13): error C2590: 'greeting': only a constructor can have a base/member initializer list [E:\BWAPI_YU\ExampleAIModule\ExampleAIModule.vcxproj]
  e:\bwapi_yu\exampleaimodule\source\greetings.h(13): error C2614: 'Greetings': illegal member initialization: 'm_greetingWorld' is not a base or member [E:\BWAPI_YU\ExampleAIModule\ExampleAIModule.vcxproj]
  e:\bwapi_yu\exampleaimodule\source\greetings.h(16): error C2664: 'void BWAPI::Game::sendText(const char *,...)': cannot convert argument 1 from 'std::string' to 'const char *' [E:\BWAPI_YU\ExampleAIModule\ExampleAIModule.vcxproj]

    0 Warning(s)
    3 Error(s)

Time Elapsed 00:00:01.71
